2022-08-03 11:11:05,232 INFO org.springframework.test.context.support.AbstractTestContextBootstrapper [main] Neither @ContextConfiguration nor @ContextHierarchy found for test class [com.ciandt.token.provider.TokenProviderApplicationTests], using SpringBootContextLoader
2022-08-03 11:11:05,237 INFO org.springframework.test.context.support.AbstractContextLoader [main] Could not detect default resource locations for test class [com.ciandt.token.provider.TokenProviderApplicationTests]: no resource found for suffixes {-context.xml, Context.groovy}.
2022-08-03 11:11:05,238 INFO org.springframework.test.context.support.AnnotationConfigContextLoaderUtils [main] Could not detect default configuration classes for test class [com.ciandt.token.provider.TokenProviderApplicationTests]: TokenProviderApplicationTests does not declare any static, non-private, non-final, nested classes annotated with @Configuration.
2022-08-03 11:11:05,325 INFO org.springframework.boot.test.context.SpringBootTestContextBootstrapper [main] Found @SpringBootConfiguration com.ciandt.token.provider.TokenProviderApplication for test class com.ciandt.token.provider.TokenProviderApplicationTests
2022-08-03 11:11:05,393 INFO org.springframework.test.context.support.AbstractTestContextBootstrapper [main] Loaded default TestExecutionListener class names from location [META-INF/spring.factories]: [org.springframework.boot.test.mock.mockito.MockitoTestExecutionListener, org.springframework.boot.test.mock.mockito.ResetMocksTestExecutionListener, org.springframework.boot.test.autoconfigure.restdocs.RestDocsTestExecutionListener, org.springframework.boot.test.autoconfigure.web.client.MockRestServiceServerResetTestExecutionListener, org.springframework.boot.test.autoconfigure.web.servlet.MockMvcPrintOnlyOnFailureTestExecutionListener, org.springframework.boot.test.autoconfigure.web.servlet.WebDriverTestExecutionListener, org.springframework.boot.test.autoconfigure.webservices.client.MockWebServiceServerTestExecutionListener, org.springframework.test.context.web.ServletTestExecutionListener, org.springframework.test.context.support.DirtiesContextBeforeModesTestExecutionListener, org.springframework.test.context.event.ApplicationEventsTestExecutionListener, org.springframework.test.context.support.DependencyInjectionTestExecutionListener, org.springframework.test.context.support.DirtiesContextTestExecutionListener, org.springframework.test.context.transaction.TransactionalTestExecutionListener, org.springframework.test.context.jdbc.SqlScriptsTestExecutionListener, org.springframework.test.context.event.EventPublishingTestExecutionListener]
2022-08-03 11:11:05,399 INFO org.springframework.test.context.support.AbstractTestContextBootstrapper [main] Using TestExecutionListeners: [org.springframework.test.context.web.ServletTestExecutionListener@69653e16, org.springframework.test.context.support.DirtiesContextBeforeModesTestExecutionListener@758705fa, org.springframework.test.context.event.ApplicationEventsTestExecutionListener@ebaa6cb, org.springframework.boot.test.mock.mockito.MockitoTestExecutionListener@906d29b, org.springframework.boot.test.autoconfigure.SpringBootDependencyInjectionTestExecutionListener@49d3c823, org.springframework.test.context.support.DirtiesContextTestExecutionListener@436bc36, org.springframework.test.context.event.EventPublishingTestExecutionListener@5fe1ce85, org.springframework.boot.test.mock.mockito.ResetMocksTestExecutionListener@604c5de8, org.springframework.boot.test.autoconfigure.restdocs.RestDocsTestExecutionListener@37091312, org.springframework.boot.test.autoconfigure.web.client.MockRestServiceServerResetTestExecutionListener@66fdec9, org.springframework.boot.test.autoconfigure.web.servlet.MockMvcPrintOnlyOnFailureTestExecutionListener@57abad67, org.springframework.boot.test.autoconfigure.web.servlet.WebDriverTestExecutionListener@550a1967, org.springframework.boot.test.autoconfigure.webservices.client.MockWebServiceServerTestExecutionListener@2a640157]
2022-08-03 11:11:05,613 INFO org.springframework.boot.StartupInfoLogger [main] Starting TokenProviderApplicationTests using Java 17.0.3 on lnb036002cps with PID 839609 (started by CIANDT\mgalvao in /home/mgalvao/IdeaProjects/projetct-myMusic-toTal/TokenProvider)
2022-08-03 11:11:05,614 INFO org.springframework.boot.SpringApplication [main] No active profile set, falling back to default profiles: default
2022-08-03 11:11:06,880 INFO org.springframework.boot.actuate.endpoint.web.EndpointLinksResolver [main] Exposing 1 endpoint(s) beneath base path '/actuator'
2022-08-03 11:11:06,928 INFO org.springframework.boot.StartupInfoLogger [main] Started TokenProviderApplicationTests in 1.502 seconds (JVM running for 2.191)
2022-08-03 11:12:22,883 INFO org.springframework.boot.StartupInfoLogger [main] Starting TokenProviderApplication using Java 17.0.3 on lnb036002cps with PID 840370 (/home/mgalvao/IdeaProjects/projetct-myMusic-toTal/TokenProvider/target/classes started by CIANDT\mgalvao in /home/mgalvao/IdeaProjects/projetct-myMusic-toTal/TokenProvider)
2022-08-03 11:12:22,889 INFO org.springframework.boot.SpringApplication [main] No active profile set, falling back to default profiles: default
2022-08-03 11:12:24,754 INFO org.springframework.boot.web.embedded.tomcat.TomcatWebServer [main] Tomcat initialized with port(s): 8080 (http)
2022-08-03 11:12:24,773 INFO org.apache.juli.logging.DirectJDKLog [main] Initializing ProtocolHandler ["http-nio-8080"]
2022-08-03 11:12:24,774 INFO org.apache.juli.logging.DirectJDKLog [main] Starting service [Tomcat]
2022-08-03 11:12:24,776 INFO org.apache.juli.logging.DirectJDKLog [main] Starting Servlet engine: [Apache Tomcat/9.0.56]
2022-08-03 11:12:24,914 INFO org.apache.juli.logging.DirectJDKLog [main] Initializing Spring embedded WebApplicationContext
2022-08-03 11:12:24,915 INFO org.springframework.boot.web.servlet.context.ServletWebServerApplicationContext [main] Root WebApplicationContext: initialization completed in 1927 ms
2022-08-03 11:12:26,282 INFO org.springframework.boot.actuate.endpoint.web.EndpointLinksResolver [main] Exposing 1 endpoint(s) beneath base path '/actuator'
2022-08-03 11:12:26,328 INFO org.apache.juli.logging.DirectJDKLog [main] Starting ProtocolHandler ["http-nio-8080"]
2022-08-03 11:12:26,386 INFO org.springframework.boot.web.embedded.tomcat.TomcatWebServer [main] Tomcat started on port(s): 8080 (http) with context path ''
2022-08-03 11:12:26,421 INFO org.springframework.boot.StartupInfoLogger [main] Started TokenProviderApplication in 3.883 seconds (JVM running for 4.4)
2022-08-03 11:12:29,346 INFO org.apache.juli.logging.DirectJDKLog [RMI TCP Connection(1)-127.0.0.1] Initializing Spring DispatcherServlet 'dispatcherServlet'
2022-08-03 11:12:29,346 INFO org.springframework.web.servlet.FrameworkServlet [RMI TCP Connection(1)-127.0.0.1] Initializing Servlet 'dispatcherServlet'
2022-08-03 11:12:29,348 INFO org.springframework.web.servlet.FrameworkServlet [RMI TCP Connection(1)-127.0.0.1] Completed initialization in 2 ms
2022-08-03 11:29:08,224 INFO org.springframework.boot.StartupInfoLogger [main] Starting TokenProviderApplication using Java 17.0.3 on lnb036002cps with PID 864904 (/home/mgalvao/IdeaProjects/projetct-myMusic-toTal/TokenProvider/target/classes started by CIANDT\mgalvao in /home/mgalvao/IdeaProjects/projetct-myMusic-toTal/TokenProvider)
2022-08-03 11:29:08,226 INFO org.springframework.boot.SpringApplication [main] No active profile set, falling back to default profiles: default
2022-08-03 11:29:09,407 INFO org.springframework.boot.web.embedded.tomcat.TomcatWebServer [main] Tomcat initialized with port(s): 8080 (http)
2022-08-03 11:29:09,422 INFO org.apache.juli.logging.DirectJDKLog [main] Initializing ProtocolHandler ["http-nio-8080"]
2022-08-03 11:29:09,423 INFO org.apache.juli.logging.DirectJDKLog [main] Starting service [Tomcat]
2022-08-03 11:29:09,424 INFO org.apache.juli.logging.DirectJDKLog [main] Starting Servlet engine: [Apache Tomcat/9.0.56]
2022-08-03 11:29:09,519 INFO org.apache.juli.logging.DirectJDKLog [main] Initializing Spring embedded WebApplicationContext
2022-08-03 11:29:09,521 INFO org.springframework.boot.web.servlet.context.ServletWebServerApplicationContext [main] Root WebApplicationContext: initialization completed in 1255 ms
2022-08-03 11:29:10,272 INFO org.springframework.boot.actuate.endpoint.web.EndpointLinksResolver [main] Exposing 1 endpoint(s) beneath base path '/actuator'
2022-08-03 11:29:10,303 INFO org.apache.juli.logging.DirectJDKLog [main] Starting ProtocolHandler ["http-nio-8080"]
2022-08-03 11:29:10,315 INFO org.springframework.boot.web.embedded.tomcat.TomcatWebServer [main] Tomcat started on port(s): 8080 (http) with context path ''
2022-08-03 11:29:10,329 INFO org.springframework.boot.StartupInfoLogger [main] Started TokenProviderApplication in 2.448 seconds (JVM running for 3.054)
2022-08-03 11:29:11,286 INFO org.apache.juli.logging.DirectJDKLog [RMI TCP Connection(1)-127.0.0.1] Initializing Spring DispatcherServlet 'dispatcherServlet'
2022-08-03 11:29:11,286 INFO org.springframework.web.servlet.FrameworkServlet [RMI TCP Connection(1)-127.0.0.1] Initializing Servlet 'dispatcherServlet'
2022-08-03 11:29:11,288 INFO org.springframework.web.servlet.FrameworkServlet [RMI TCP Connection(1)-127.0.0.1] Completed initialization in 2 ms
2022-08-03 11:37:14,974 INFO com.ciandt.token.provider.controllers.TokenController [http-nio-8080-exec-2] Recebido requisição para criação de token para chave: user
2022-08-03 11:37:15,015 INFO com.ciandt.token.provider.controllers.TokenController [http-nio-8080-exec-2] Token gerado com sucesso
2022-08-03 11:37:26,911 INFO com.ciandt.token.provider.controllers.TokenController [http-nio-8080-exec-3] Recebido requisição para criação de token para chave: user
2022-08-03 11:37:26,913 INFO com.ciandt.token.provider.controllers.TokenController [http-nio-8080-exec-3] Token gerado com sucesso
2022-08-03 11:38:32,272 INFO com.ciandt.token.provider.controllers.TokenController [http-nio-8080-exec-6] Recebido requisição para criação de token para chave: user
2022-08-03 11:38:32,274 INFO com.ciandt.token.provider.controllers.TokenController [http-nio-8080-exec-6] Token gerado com sucesso
2022-08-03 11:38:41,588 INFO com.ciandt.token.provider.controllers.TokenController [http-nio-8080-exec-7] Recebido requisição para criação de token para chave: user
2022-08-03 11:38:41,590 INFO com.ciandt.token.provider.controllers.TokenController [http-nio-8080-exec-7] Token gerado com sucesso
2022-08-03 11:38:44,166 INFO com.ciandt.token.provider.controllers.TokenController [http-nio-8080-exec-8] Recebido requisição para criação de token para chave: user
2022-08-03 11:38:44,167 INFO com.ciandt.token.provider.controllers.TokenController [http-nio-8080-exec-8] Token gerado com sucesso
2022-08-03 11:57:45,446 INFO com.ciandt.token.provider.controllers.TokenController [http-nio-8080-exec-1] Recebido requisição para criação de token para chave: user
2022-08-03 11:57:45,449 INFO com.ciandt.token.provider.controllers.TokenController [http-nio-8080-exec-1] Token gerado com sucesso
2022-08-03 12:01:00,846 INFO com.ciandt.token.provider.controllers.TokenController [http-nio-8080-exec-4] Recebido requisição para criação de token para chave: user
2022-08-03 12:01:00,847 INFO com.ciandt.token.provider.controllers.TokenController [http-nio-8080-exec-4] Token gerado com sucesso
2022-08-03 12:28:12,859 INFO com.ciandt.token.provider.controllers.TokenController [http-nio-8080-exec-7] Recebido requisição para criação de token para chave: user
2022-08-03 12:28:12,861 INFO com.ciandt.token.provider.controllers.TokenController [http-nio-8080-exec-7] Token gerado com sucesso
2022-08-03 12:31:37,455 INFO com.ciandt.token.provider.controllers.TokenController [http-nio-8080-exec-10] Recebido requisição para criação de token para chave: user
2022-08-03 12:31:37,456 INFO com.ciandt.token.provider.controllers.TokenController [http-nio-8080-exec-10] Token gerado com sucesso
2022-08-03 12:38:02,514 INFO org.springframework.test.context.support.AbstractTestContextBootstrapper [main] Neither @ContextConfiguration nor @ContextHierarchy found for test class [com.ciandt.token.provider.TokenProviderApplicationTests], using SpringBootContextLoader
2022-08-03 12:38:02,521 INFO org.springframework.test.context.support.AbstractContextLoader [main] Could not detect default resource locations for test class [com.ciandt.token.provider.TokenProviderApplicationTests]: no resource found for suffixes {-context.xml, Context.groovy}.
2022-08-03 12:38:02,522 INFO org.springframework.test.context.support.AnnotationConfigContextLoaderUtils [main] Could not detect default configuration classes for test class [com.ciandt.token.provider.TokenProviderApplicationTests]: TokenProviderApplicationTests does not declare any static, non-private, non-final, nested classes annotated with @Configuration.
2022-08-03 12:38:02,612 INFO org.springframework.boot.test.context.SpringBootTestContextBootstrapper [main] Found @SpringBootConfiguration com.ciandt.token.provider.TokenProviderApplication for test class com.ciandt.token.provider.TokenProviderApplicationTests
2022-08-03 12:38:02,680 INFO org.springframework.test.context.support.AbstractTestContextBootstrapper [main] Loaded default TestExecutionListener class names from location [META-INF/spring.factories]: [org.springframework.boot.test.mock.mockito.MockitoTestExecutionListener, org.springframework.boot.test.mock.mockito.ResetMocksTestExecutionListener, org.springframework.boot.test.autoconfigure.restdocs.RestDocsTestExecutionListener, org.springframework.boot.test.autoconfigure.web.client.MockRestServiceServerResetTestExecutionListener, org.springframework.boot.test.autoconfigure.web.servlet.MockMvcPrintOnlyOnFailureTestExecutionListener, org.springframework.boot.test.autoconfigure.web.servlet.WebDriverTestExecutionListener, org.springframework.boot.test.autoconfigure.webservices.client.MockWebServiceServerTestExecutionListener, org.springframework.test.context.web.ServletTestExecutionListener, org.springframework.test.context.support.DirtiesContextBeforeModesTestExecutionListener, org.springframework.test.context.event.ApplicationEventsTestExecutionListener, org.springframework.test.context.support.DependencyInjectionTestExecutionListener, org.springframework.test.context.support.DirtiesContextTestExecutionListener, org.springframework.test.context.transaction.TransactionalTestExecutionListener, org.springframework.test.context.jdbc.SqlScriptsTestExecutionListener, org.springframework.test.context.event.EventPublishingTestExecutionListener]
2022-08-03 12:38:02,688 INFO org.springframework.test.context.support.AbstractTestContextBootstrapper [main] Using TestExecutionListeners: [org.springframework.test.context.web.ServletTestExecutionListener@32193bea, org.springframework.test.context.support.DirtiesContextBeforeModesTestExecutionListener@6b8d96d9, org.springframework.test.context.event.ApplicationEventsTestExecutionListener@69653e16, org.springframework.boot.test.mock.mockito.MockitoTestExecutionListener@758705fa, org.springframework.boot.test.autoconfigure.SpringBootDependencyInjectionTestExecutionListener@ebaa6cb, org.springframework.test.context.support.DirtiesContextTestExecutionListener@906d29b, org.springframework.test.context.event.EventPublishingTestExecutionListener@49d3c823, org.springframework.boot.test.mock.mockito.ResetMocksTestExecutionListener@436bc36, org.springframework.boot.test.autoconfigure.restdocs.RestDocsTestExecutionListener@5fe1ce85, org.springframework.boot.test.autoconfigure.web.client.MockRestServiceServerResetTestExecutionListener@604c5de8, org.springframework.boot.test.autoconfigure.web.servlet.MockMvcPrintOnlyOnFailureTestExecutionListener@37091312, org.springframework.boot.test.autoconfigure.web.servlet.WebDriverTestExecutionListener@66fdec9, org.springframework.boot.test.autoconfigure.webservices.client.MockWebServiceServerTestExecutionListener@57abad67]
2022-08-03 12:38:02,895 INFO org.springframework.boot.StartupInfoLogger [main] Starting TokenProviderApplicationTests using Java 17.0.3 on lnb036002cps with PID 897780 (started by CIANDT\mgalvao in /home/mgalvao/IdeaProjects/projetct-myMusic-toTal/TokenProvider)
2022-08-03 12:38:02,899 INFO org.springframework.boot.SpringApplication [main] No active profile set, falling back to default profiles: default
2022-08-03 12:38:04,017 INFO org.springframework.boot.actuate.endpoint.web.EndpointLinksResolver [main] Exposing 1 endpoint(s) beneath base path '/actuator'
2022-08-03 12:38:04,057 INFO org.springframework.boot.StartupInfoLogger [main] Started TokenProviderApplicationTests in 1.331 seconds (JVM running for 2.07)
2022-08-03 12:47:10,335 INFO com.ciandt.token.provider.controllers.TokenController [http-nio-8080-exec-3] Recebido requisição para criação de token para chave: user
2022-08-03 12:47:10,336 INFO com.ciandt.token.provider.controllers.TokenController [http-nio-8080-exec-3] Token gerado com sucesso
2022-08-03 12:47:43,946 INFO com.ciandt.token.provider.controllers.TokenController [http-nio-8080-exec-4] Recebido requisição para criação de token para chave: user
2022-08-03 12:47:43,947 INFO com.ciandt.token.provider.controllers.TokenController [http-nio-8080-exec-4] Token gerado com sucesso
2022-08-03 12:47:53,476 INFO com.ciandt.token.provider.controllers.TokenController [http-nio-8080-exec-5] Recebido requisição para criação de token para chave: user
2022-08-03 12:47:53,477 INFO com.ciandt.token.provider.controllers.TokenController [http-nio-8080-exec-5] Token gerado com sucesso
2022-08-03 12:48:06,775 INFO com.ciandt.token.provider.controllers.TokenController [http-nio-8080-exec-6] Recebido requisição para criação de token para chave: user
2022-08-03 12:48:06,775 INFO com.ciandt.token.provider.controllers.TokenController [http-nio-8080-exec-6] Token gerado com sucesso
2022-08-03 12:48:06,798 INFO com.ciandt.token.provider.controllers.TokenController [http-nio-8080-exec-7] Recebido requisição para criação de token para chave: user
2022-08-03 12:48:06,799 INFO com.ciandt.token.provider.controllers.TokenController [http-nio-8080-exec-7] Token gerado com sucesso
2022-08-03 12:48:25,517 INFO com.ciandt.token.provider.controllers.TokenController [http-nio-8080-exec-8] Recebido requisição para criação de token para chave: user
2022-08-03 12:48:25,518 INFO com.ciandt.token.provider.controllers.TokenController [http-nio-8080-exec-8] Token gerado com sucesso
2022-08-03 12:50:54,972 INFO com.ciandt.token.provider.controllers.TokenController [http-nio-8080-exec-1] Recebido requisição para criação de token para chave: user
2022-08-03 12:50:54,974 INFO com.ciandt.token.provider.controllers.TokenController [http-nio-8080-exec-1] Token gerado com sucesso
2022-08-03 12:50:54,991 INFO com.ciandt.token.provider.controllers.TokenController [http-nio-8080-exec-2] Recebido requisição para criação de token para chave: user
2022-08-03 12:50:54,992 INFO com.ciandt.token.provider.controllers.TokenController [http-nio-8080-exec-2] Token gerado com sucesso
2022-08-03 12:51:17,214 INFO com.ciandt.token.provider.controllers.TokenController [http-nio-8080-exec-3] Recebido requisição para criação de token para chave: user
2022-08-03 12:51:17,217 INFO com.ciandt.token.provider.controllers.TokenController [http-nio-8080-exec-3] Token gerado com sucesso
2022-08-03 12:51:17,242 INFO com.ciandt.token.provider.controllers.TokenAuthorizerController [http-nio-8080-exec-4] Recebido requisição para geração de token: user
2022-08-03 12:51:17,244 INFO com.ciandt.token.provider.controllers.TokenAuthorizerController [http-nio-8080-exec-4] Token validado com sucesso
2022-08-03 12:51:24,794 INFO com.ciandt.token.provider.controllers.TokenController [http-nio-8080-exec-5] Recebido requisição para criação de token para chave: user
2022-08-03 12:51:24,795 INFO com.ciandt.token.provider.controllers.TokenController [http-nio-8080-exec-5] Token gerado com sucesso
2022-08-03 12:51:43,626 INFO com.ciandt.token.provider.controllers.TokenController [http-nio-8080-exec-6] Recebido requisição para criação de token para chave: user
2022-08-03 12:51:43,627 INFO com.ciandt.token.provider.controllers.TokenController [http-nio-8080-exec-6] Token gerado com sucesso
2022-08-03 12:52:03,734 INFO com.ciandt.token.provider.controllers.TokenController [http-nio-8080-exec-7] Recebido requisição para criação de token para chave: user
2022-08-03 12:52:03,735 INFO com.ciandt.token.provider.controllers.TokenController [http-nio-8080-exec-7] Token gerado com sucesso
2022-08-03 12:52:03,753 INFO com.ciandt.token.provider.controllers.TokenController [http-nio-8080-exec-8] Recebido requisição para criação de token para chave: user
2022-08-03 12:52:03,754 INFO com.ciandt.token.provider.controllers.TokenController [http-nio-8080-exec-8] Token gerado com sucesso
2022-08-03 12:52:14,535 INFO com.ciandt.token.provider.controllers.TokenController [http-nio-8080-exec-9] Recebido requisição para criação de token para chave: user
2022-08-03 12:52:14,537 INFO com.ciandt.token.provider.controllers.TokenController [http-nio-8080-exec-9] Token gerado com sucesso
2022-08-03 14:29:30,022 INFO com.ciandt.token.provider.controllers.TokenController [http-nio-8080-exec-2] Recebido requisição para criação de token para chave: user
2022-08-03 14:29:30,024 INFO com.ciandt.token.provider.controllers.TokenController [http-nio-8080-exec-2] Token gerado com sucesso
2022-08-03 14:30:48,824 INFO com.ciandt.token.provider.controllers.TokenController [http-nio-8080-exec-5] Recebido requisição para criação de token para chave: user
2022-08-03 14:30:48,825 INFO com.ciandt.token.provider.controllers.TokenController [http-nio-8080-exec-5] Token gerado com sucesso
2022-08-03 14:32:01,309 INFO com.ciandt.token.provider.controllers.TokenController [http-nio-8080-exec-8] Recebido requisição para criação de token para chave: user
2022-08-03 14:32:01,309 INFO com.ciandt.token.provider.controllers.TokenController [http-nio-8080-exec-8] Token gerado com sucesso
2022-08-03 14:32:24,643 INFO com.ciandt.token.provider.controllers.TokenController [http-nio-8080-exec-9] Recebido requisição para criação de token para chave: user
2022-08-03 14:32:24,644 INFO com.ciandt.token.provider.controllers.TokenController [http-nio-8080-exec-9] Token gerado com sucesso
2022-08-03 14:32:24,662 INFO com.ciandt.token.provider.controllers.TokenController [http-nio-8080-exec-10] Recebido requisição para criação de token para chave: user
2022-08-03 14:32:24,663 INFO com.ciandt.token.provider.controllers.TokenController [http-nio-8080-exec-10] Token gerado com sucesso
2022-08-03 14:32:29,110 INFO com.ciandt.token.provider.controllers.TokenController [http-nio-8080-exec-1] Recebido requisição para criação de token para chave: user
2022-08-03 14:32:29,111 INFO com.ciandt.token.provider.controllers.TokenController [http-nio-8080-exec-1] Token gerado com sucesso
2022-08-03 14:48:37,412 INFO com.ciandt.token.provider.controllers.TokenController [http-nio-8080-exec-4] Recebido requisição para criação de token para chave: user
2022-08-03 14:48:37,414 INFO com.ciandt.token.provider.controllers.TokenController [http-nio-8080-exec-4] Token gerado com sucesso
2022-08-03 15:02:23,795 INFO com.ciandt.token.provider.controllers.TokenController [http-nio-8080-exec-7] Recebido requisição para criação de token para chave: user
2022-08-03 15:02:23,796 INFO com.ciandt.token.provider.controllers.TokenController [http-nio-8080-exec-7] Token gerado com sucesso
2022-08-03 15:02:43,825 INFO com.ciandt.token.provider.controllers.TokenController [http-nio-8080-exec-8] Recebido requisição para criação de token para chave: user
2022-08-03 15:02:43,826 INFO com.ciandt.token.provider.controllers.TokenController [http-nio-8080-exec-8] Token gerado com sucesso
2022-08-03 15:03:15,411 INFO com.ciandt.token.provider.controllers.TokenController [http-nio-8080-exec-9] Recebido requisição para criação de token para chave: user
2022-08-03 15:03:15,413 INFO com.ciandt.token.provider.controllers.TokenController [http-nio-8080-exec-9] Token gerado com sucesso
2022-08-03 15:07:23,575 INFO com.ciandt.token.provider.controllers.TokenController [http-nio-8080-exec-2] Recebido requisição para criação de token para chave: user
2022-08-03 15:07:23,576 INFO com.ciandt.token.provider.controllers.TokenController [http-nio-8080-exec-2] Token gerado com sucesso
2022-08-03 15:07:32,340 INFO com.ciandt.token.provider.controllers.TokenController [http-nio-8080-exec-3] Recebido requisição para criação de token para chave: user
2022-08-03 15:07:32,341 INFO com.ciandt.token.provider.controllers.TokenController [http-nio-8080-exec-3] Token gerado com sucesso
2022-08-03 15:07:32,369 INFO com.ciandt.token.provider.controllers.TokenController [http-nio-8080-exec-4] Recebido requisição para criação de token para chave: user
2022-08-03 15:07:32,370 INFO com.ciandt.token.provider.controllers.TokenController [http-nio-8080-exec-4] Token gerado com sucesso
2022-08-03 15:07:39,381 INFO com.ciandt.token.provider.controllers.TokenController [http-nio-8080-exec-5] Recebido requisição para criação de token para chave: user
2022-08-03 15:07:39,382 INFO com.ciandt.token.provider.controllers.TokenController [http-nio-8080-exec-5] Token gerado com sucesso
2022-08-03 15:07:56,332 INFO com.ciandt.token.provider.controllers.TokenController [http-nio-8080-exec-6] Recebido requisição para criação de token para chave: user
2022-08-03 15:07:56,333 INFO com.ciandt.token.provider.controllers.TokenController [http-nio-8080-exec-6] Token gerado com sucesso
2022-08-03 15:08:11,846 INFO com.ciandt.token.provider.controllers.TokenController [http-nio-8080-exec-7] Recebido requisição para criação de token para chave: user
2022-08-03 15:08:11,847 INFO com.ciandt.token.provider.controllers.TokenController [http-nio-8080-exec-7] Token gerado com sucesso
2022-08-03 18:24:29,254 INFO com.ciandt.token.provider.controllers.TokenController [http-nio-8080-exec-10] Recebido requisição para criação de token para chave: user
2022-08-03 18:24:29,255 INFO com.ciandt.token.provider.controllers.TokenController [http-nio-8080-exec-10] Token gerado com sucesso
2022-08-03 18:24:34,510 INFO com.ciandt.token.provider.controllers.TokenController [http-nio-8080-exec-1] Recebido requisição para criação de token para chave: user
2022-08-03 18:24:34,510 INFO com.ciandt.token.provider.controllers.TokenController [http-nio-8080-exec-1] Token gerado com sucesso
2022-08-03 18:24:35,540 INFO com.ciandt.token.provider.controllers.TokenController [http-nio-8080-exec-2] Recebido requisição para criação de token para chave: user
2022-08-03 18:24:35,542 INFO com.ciandt.token.provider.controllers.TokenController [http-nio-8080-exec-2] Token gerado com sucesso
2022-08-03 18:24:36,368 INFO com.ciandt.token.provider.controllers.TokenController [http-nio-8080-exec-3] Recebido requisição para criação de token para chave: user
2022-08-03 18:24:36,370 INFO com.ciandt.token.provider.controllers.TokenController [http-nio-8080-exec-3] Token gerado com sucesso
2022-08-03 18:32:00,902 INFO com.ciandt.token.provider.controllers.TokenController [http-nio-8080-exec-6] Recebido requisição para criação de token para chave: user
2022-08-03 18:32:00,903 INFO com.ciandt.token.provider.controllers.TokenController [http-nio-8080-exec-6] Token gerado com sucesso
2022-08-03 18:32:30,180 INFO com.ciandt.token.provider.controllers.TokenController [http-nio-8080-exec-7] Recebido requisição para criação de token para chave: user
2022-08-03 18:32:30,181 INFO com.ciandt.token.provider.controllers.TokenController [http-nio-8080-exec-7] Token gerado com sucesso
2022-08-03 18:32:57,280 INFO com.ciandt.token.provider.controllers.TokenController [http-nio-8080-exec-8] Recebido requisição para criação de token para chave: user
2022-08-03 18:32:57,282 INFO com.ciandt.token.provider.controllers.TokenController [http-nio-8080-exec-8] Token gerado com sucesso
2022-08-03 18:33:04,285 INFO com.ciandt.token.provider.controllers.TokenController [http-nio-8080-exec-9] Recebido requisição para criação de token para chave: user
2022-08-03 18:33:04,286 INFO com.ciandt.token.provider.controllers.TokenController [http-nio-8080-exec-9] Token gerado com sucesso
2022-08-03 18:33:58,636 INFO com.ciandt.token.provider.controllers.TokenController [http-nio-8080-exec-10] Recebido requisição para criação de token para chave: user
2022-08-03 18:33:58,637 INFO com.ciandt.token.provider.controllers.TokenController [http-nio-8080-exec-10] Token gerado com sucesso
2022-08-03 18:34:02,948 INFO com.ciandt.token.provider.controllers.TokenController [http-nio-8080-exec-1] Recebido requisição para criação de token para chave: user
2022-08-03 18:34:02,950 INFO com.ciandt.token.provider.controllers.TokenController [http-nio-8080-exec-1] Token gerado com sucesso
2022-08-03 18:34:11,006 INFO com.ciandt.token.provider.controllers.TokenController [http-nio-8080-exec-2] Recebido requisição para criação de token para chave: user
2022-08-03 18:34:11,007 INFO com.ciandt.token.provider.controllers.TokenController [http-nio-8080-exec-2] Token gerado com sucesso
2022-08-03 19:08:43,884 INFO com.ciandt.token.provider.controllers.TokenController [http-nio-8080-exec-4] Recebido requisição para criação de token para chave: user
2022-08-03 19:08:43,886 INFO com.ciandt.token.provider.controllers.TokenController [http-nio-8080-exec-4] Token gerado com sucesso
2022-08-03 19:08:48,023 INFO com.ciandt.token.provider.controllers.TokenController [http-nio-8080-exec-6] Recebido requisição para criação de token para chave: user
2022-08-03 19:08:48,024 INFO com.ciandt.token.provider.controllers.TokenController [http-nio-8080-exec-6] Token gerado com sucesso
2022-08-03 19:08:55,219 INFO com.ciandt.token.provider.controllers.TokenController [http-nio-8080-exec-7] Recebido requisição para criação de token para chave: user
2022-08-03 19:08:55,220 INFO com.ciandt.token.provider.controllers.TokenController [http-nio-8080-exec-7] Token gerado com sucesso
2022-08-03 19:08:56,849 INFO com.ciandt.token.provider.controllers.TokenController [http-nio-8080-exec-8] Recebido requisição para criação de token para chave: user
2022-08-03 19:08:56,850 INFO com.ciandt.token.provider.controllers.TokenController [http-nio-8080-exec-8] Token gerado com sucesso
2022-08-03 19:10:15,398 INFO com.ciandt.token.provider.controllers.TokenController [http-nio-8080-exec-1] Recebido requisição para criação de token para chave: user
2022-08-03 19:10:15,399 INFO com.ciandt.token.provider.controllers.TokenController [http-nio-8080-exec-1] Token gerado com sucesso
2022-08-03 19:14:32,571 INFO org.springframework.test.context.support.AbstractTestContextBootstrapper [main] Neither @ContextConfiguration nor @ContextHierarchy found for test class [com.ciandt.token.provider.TokenProviderApplicationTests], using SpringBootContextLoader
2022-08-03 19:14:32,576 INFO org.springframework.test.context.support.AbstractContextLoader [main] Could not detect default resource locations for test class [com.ciandt.token.provider.TokenProviderApplicationTests]: no resource found for suffixes {-context.xml, Context.groovy}.
2022-08-03 19:14:32,577 INFO org.springframework.test.context.support.AnnotationConfigContextLoaderUtils [main] Could not detect default configuration classes for test class [com.ciandt.token.provider.TokenProviderApplicationTests]: TokenProviderApplicationTests does not declare any static, non-private, non-final, nested classes annotated with @Configuration.
2022-08-03 19:14:32,638 INFO org.springframework.boot.test.context.SpringBootTestContextBootstrapper [main] Found @SpringBootConfiguration com.ciandt.token.provider.TokenProviderApplication for test class com.ciandt.token.provider.TokenProviderApplicationTests
2022-08-03 19:14:32,690 INFO org.springframework.test.context.support.AbstractTestContextBootstrapper [main] Loaded default TestExecutionListener class names from location [META-INF/spring.factories]: [org.springframework.boot.test.mock.mockito.MockitoTestExecutionListener, org.springframework.boot.test.mock.mockito.ResetMocksTestExecutionListener, org.springframework.boot.test.autoconfigure.restdocs.RestDocsTestExecutionListener, org.springframework.boot.test.autoconfigure.web.client.MockRestServiceServerResetTestExecutionListener, org.springframework.boot.test.autoconfigure.web.servlet.MockMvcPrintOnlyOnFailureTestExecutionListener, org.springframework.boot.test.autoconfigure.web.servlet.WebDriverTestExecutionListener, org.springframework.boot.test.autoconfigure.webservices.client.MockWebServiceServerTestExecutionListener, org.springframework.test.context.web.ServletTestExecutionListener, org.springframework.test.context.support.DirtiesContextBeforeModesTestExecutionListener, org.springframework.test.context.event.ApplicationEventsTestExecutionListener, org.springframework.test.context.support.DependencyInjectionTestExecutionListener, org.springframework.test.context.support.DirtiesContextTestExecutionListener, org.springframework.test.context.transaction.TransactionalTestExecutionListener, org.springframework.test.context.jdbc.SqlScriptsTestExecutionListener, org.springframework.test.context.event.EventPublishingTestExecutionListener]
2022-08-03 19:14:32,698 INFO org.springframework.test.context.support.AbstractTestContextBootstrapper [main] Using TestExecutionListeners: [org.springframework.test.context.web.ServletTestExecutionListener@69653e16, org.springframework.test.context.support.DirtiesContextBeforeModesTestExecutionListener@758705fa, org.springframework.test.context.event.ApplicationEventsTestExecutionListener@ebaa6cb, org.springframework.boot.test.mock.mockito.MockitoTestExecutionListener@906d29b, org.springframework.boot.test.autoconfigure.SpringBootDependencyInjectionTestExecutionListener@49d3c823, org.springframework.test.context.support.DirtiesContextTestExecutionListener@436bc36, org.springframework.test.context.event.EventPublishingTestExecutionListener@5fe1ce85, org.springframework.boot.test.mock.mockito.ResetMocksTestExecutionListener@604c5de8, org.springframework.boot.test.autoconfigure.restdocs.RestDocsTestExecutionListener@37091312, org.springframework.boot.test.autoconfigure.web.client.MockRestServiceServerResetTestExecutionListener@66fdec9, org.springframework.boot.test.autoconfigure.web.servlet.MockMvcPrintOnlyOnFailureTestExecutionListener@57abad67, org.springframework.boot.test.autoconfigure.web.servlet.WebDriverTestExecutionListener@550a1967, org.springframework.boot.test.autoconfigure.webservices.client.MockWebServiceServerTestExecutionListener@2a640157]
2022-08-03 19:14:32,876 INFO org.springframework.boot.StartupInfoLogger [main] Starting TokenProviderApplicationTests using Java 17.0.3 on lnb036002cps with PID 1107560 (started by CIANDT\mgalvao in /home/mgalvao/IdeaProjects/projetct-myMusic-toTal/TokenProvider)
2022-08-03 19:14:32,877 INFO org.springframework.boot.SpringApplication [main] No active profile set, falling back to default profiles: default
2022-08-03 19:14:33,946 INFO org.springframework.boot.actuate.endpoint.web.EndpointLinksResolver [main] Exposing 1 endpoint(s) beneath base path '/actuator'
2022-08-03 19:14:33,981 INFO org.springframework.boot.StartupInfoLogger [main] Started TokenProviderApplicationTests in 1.251 seconds (JVM running for 1.962)
2022-08-03 19:30:55,398 INFO com.ciandt.token.provider.controllers.TokenController [http-nio-8080-exec-5] Recebido requisição para criação de token para chave: user
2022-08-03 19:30:55,400 INFO com.ciandt.token.provider.controllers.TokenController [http-nio-8080-exec-5] Token gerado com sucesso
2022-08-03 19:34:19,789 INFO com.ciandt.token.provider.controllers.TokenController [http-nio-8080-exec-7] Recebido requisição para criação de token para chave: user
2022-08-03 19:34:19,789 INFO com.ciandt.token.provider.controllers.TokenController [http-nio-8080-exec-7] Token gerado com sucesso
2022-08-03 19:34:19,805 INFO com.ciandt.token.provider.controllers.TokenController [http-nio-8080-exec-8] Recebido requisição para criação de token para chave: user
2022-08-03 19:34:19,806 INFO com.ciandt.token.provider.controllers.TokenController [http-nio-8080-exec-8] Token gerado com sucesso
2022-08-03 19:34:22,340 INFO com.ciandt.token.provider.controllers.TokenController [http-nio-8080-exec-9] Recebido requisição para criação de token para chave: user
2022-08-03 19:34:22,341 INFO com.ciandt.token.provider.controllers.TokenController [http-nio-8080-exec-9] Token gerado com sucesso
2022-08-03 19:34:22,354 INFO com.ciandt.token.provider.controllers.TokenAuthorizerController [http-nio-8080-exec-10] Recebido requisição para geração de token: user
2022-08-03 19:34:22,356 INFO com.ciandt.token.provider.controllers.TokenAuthorizerController [http-nio-8080-exec-10] Token validado com sucesso
2022-08-03 19:37:14,838 INFO com.ciandt.token.provider.controllers.TokenController [http-nio-8080-exec-3] Recebido requisição para criação de token para chave: user
2022-08-03 19:37:14,839 INFO com.ciandt.token.provider.controllers.TokenController [http-nio-8080-exec-3] Token gerado com sucesso
2022-08-03 19:37:14,852 INFO com.ciandt.token.provider.controllers.TokenController [http-nio-8080-exec-5] Recebido requisição para criação de token para chave: user
2022-08-03 19:37:14,853 INFO com.ciandt.token.provider.controllers.TokenController [http-nio-8080-exec-5] Token gerado com sucesso
2022-08-03 19:37:19,156 INFO com.ciandt.token.provider.controllers.TokenController [http-nio-8080-exec-4] Recebido requisição para criação de token para chave: user
2022-08-03 19:37:19,157 INFO com.ciandt.token.provider.controllers.TokenController [http-nio-8080-exec-4] Token gerado com sucesso
2022-08-03 19:37:19,182 INFO com.ciandt.token.provider.controllers.TokenAuthorizerController [http-nio-8080-exec-6] Recebido requisição para geração de token: user
2022-08-03 19:37:19,183 INFO com.ciandt.token.provider.controllers.TokenAuthorizerController [http-nio-8080-exec-6] Token validado com sucesso
2022-08-03 19:39:06,823 INFO com.ciandt.token.provider.controllers.TokenController [http-nio-8080-exec-9] Recebido requisição para criação de token para chave: user
2022-08-03 19:39:06,824 INFO com.ciandt.token.provider.controllers.TokenController [http-nio-8080-exec-9] Token gerado com sucesso
2022-08-03 19:39:06,839 INFO com.ciandt.token.provider.controllers.TokenController [http-nio-8080-exec-10] Recebido requisição para criação de token para chave: user
2022-08-03 19:39:06,840 INFO com.ciandt.token.provider.controllers.TokenController [http-nio-8080-exec-10] Token gerado com sucesso
