2022-08-03 18:53:11 INFO  Starting SummitBootcampApplication using Java 17.0.3 on lnb036002cps with PID 1095367 (/home/mgalvao/IdeaProjects/projetct-myMusic-toTal/MyMusic/target/classes started by CIANDT\mgalvao in /home/mgalvao/IdeaProjects/projetct-myMusic-toTal/MyMusic)
2022-08-03 18:53:11 INFO  The following profiles are active: ${activatedProperties}
2022-08-03 18:54:36 INFO  Starting SummitBootcampApplication using Java 17.0.3 on lnb036002cps with PID 1096085 (/home/mgalvao/IdeaProjects/projetct-myMusic-toTal/MyMusic/target/classes started by CIANDT\mgalvao in /home/mgalvao/IdeaProjects/projetct-myMusic-toTal/MyMusic)
2022-08-03 18:54:36 INFO  The following profiles are active: ${activatedProperties}
2022-08-03 18:59:01 INFO  Starting SummitBootcampApplication using Java 17.0.3 on lnb036002cps with PID 1097987 (/home/mgalvao/IdeaProjects/projetct-myMusic-toTal/MyMusic/target/classes started by CIANDT\mgalvao in /home/mgalvao/IdeaProjects/projetct-myMusic-toTal/MyMusic)
2022-08-03 18:59:01 INFO  The following profiles are active: ${activatedProperties}
2022-08-03 18:59:43 INFO  Starting SummitBootcampApplication using Java 17.0.3 on lnb036002cps with PID 1098380 (/home/mgalvao/IdeaProjects/projetct-myMusic-toTal/MyMusic/target/classes started by CIANDT\mgalvao in /home/mgalvao/IdeaProjects/projetct-myMusic-toTal/MyMusic)
2022-08-03 18:59:43 INFO  The following profiles are active: ${activatedProperties}
2022-08-03 19:04:05 INFO  Starting SummitBootcampApplication using Java 17.0.3 on lnb036002cps with PID 1100389 (/home/mgalvao/IdeaProjects/projetct-myMusic-toTal/MyMusic/target/classes started by CIANDT\mgalvao in /home/mgalvao/IdeaProjects/projetct-myMusic-toTal/MyMusic)
2022-08-03 19:04:05 INFO  The following profiles are active: ${activatedProperties}
2022-08-03 19:07:45 INFO  Starting SummitBootcampApplication using Java 17.0.3 on lnb036002cps with PID 1102204 (/home/mgalvao/IdeaProjects/projetct-myMusic-toTal/MyMusic/target/classes started by CIANDT\mgalvao in /home/mgalvao/IdeaProjects/projetct-myMusic-toTal/MyMusic)
2022-08-03 19:07:45 INFO  The following profiles are active: ${activatedProperties}
2022-08-03 19:07:49 INFO  Started SummitBootcampApplication in 3.497 seconds (JVM running for 4.077)
2022-08-03 19:08:43 ERROR TokenProvider Api can't be reached
2022-08-03 19:08:55 ERROR TokenProvider Api can't be reached
2022-08-03 19:08:56 ERROR TokenProvider Api can't be reached
2022-08-03 19:09:33 INFO  Starting SummitBootcampApplication using Java 17.0.3 on lnb036002cps with PID 1102204 (/home/mgalvao/IdeaProjects/projetct-myMusic-toTal/MyMusic/target/classes started by CIANDT\mgalvao in /home/mgalvao/IdeaProjects/projetct-myMusic-toTal/MyMusic)
2022-08-03 19:09:33 INFO  The following profiles are active: ${activatedProperties}
2022-08-03 19:09:36 INFO  Starting SummitBootcampApplication using Java 17.0.3 on lnb036002cps with PID 1102204 (/home/mgalvao/IdeaProjects/projetct-myMusic-toTal/MyMusic/target/classes started by CIANDT\mgalvao in /home/mgalvao/IdeaProjects/projetct-myMusic-toTal/MyMusic)
2022-08-03 19:09:36 INFO  The following profiles are active: ${activatedProperties}
2022-08-03 19:09:37 INFO  Started SummitBootcampApplication in 0.682 seconds (JVM running for 112.239)
2022-08-03 19:10:09 INFO  Starting SummitBootcampApplication using Java 17.0.3 on lnb036002cps with PID 1102204 (/home/mgalvao/IdeaProjects/projetct-myMusic-toTal/MyMusic/target/classes started by CIANDT\mgalvao in /home/mgalvao/IdeaProjects/projetct-myMusic-toTal/MyMusic)
2022-08-03 19:10:09 INFO  The following profiles are active: ${activatedProperties}
2022-08-03 19:10:10 INFO  TOKEN URL: null
2022-08-03 19:10:10 INFO  Started SummitBootcampApplication in 0.586 seconds (JVM running for 145.306)
2022-08-03 19:10:15 ERROR TokenProvider Api can't be reached
2022-08-03 19:10:39 INFO  Starting SummitBootcampApplication using Java 17.0.3 on lnb036002cps with PID 1102204 (/home/mgalvao/IdeaProjects/projetct-myMusic-toTal/MyMusic/target/classes started by CIANDT\mgalvao in /home/mgalvao/IdeaProjects/projetct-myMusic-toTal/MyMusic)
2022-08-03 19:10:39 INFO  The following profiles are active: ${activatedProperties}
2022-08-03 19:11:27 INFO  Starting SummitBootcampApplication using Java 17.0.3 on lnb036002cps with PID 1102204 (/home/mgalvao/IdeaProjects/projetct-myMusic-toTal/MyMusic/target/classes started by CIANDT\mgalvao in /home/mgalvao/IdeaProjects/projetct-myMusic-toTal/MyMusic)
2022-08-03 19:11:27 INFO  The following profiles are active: ${activatedProperties}
2022-08-03 19:11:34 INFO  Starting SummitBootcampApplication using Java 17.0.3 on lnb036002cps with PID 1104789 (/home/mgalvao/IdeaProjects/projetct-myMusic-toTal/MyMusic/target/classes started by CIANDT\mgalvao in /home/mgalvao/IdeaProjects/projetct-myMusic-toTal/MyMusic)
2022-08-03 19:11:34 INFO  The following profiles are active: ${activatedProperties}
2022-08-03 19:12:38 INFO  Starting SummitBootcampApplication using Java 17.0.3 on lnb036002cps with PID 1105358 (/home/mgalvao/IdeaProjects/projetct-myMusic-toTal/MyMusic/target/classes started by CIANDT\mgalvao in /home/mgalvao/IdeaProjects/projetct-myMusic-toTal/MyMusic)
2022-08-03 19:12:38 INFO  The following profiles are active: dev
2022-08-03 19:12:42 INFO  TOKEN URL: dev
2022-08-03 19:12:43 INFO  Started SummitBootcampApplication in 5.779 seconds (JVM running for 6.419)
2022-08-03 19:12:58 INFO  Starting SummitBootcampApplication using Java 17.0.3 on lnb036002cps with PID 1105358 (/home/mgalvao/IdeaProjects/projetct-myMusic-toTal/MyMusic/target/classes started by CIANDT\mgalvao in /home/mgalvao/IdeaProjects/projetct-myMusic-toTal/MyMusic)
2022-08-03 19:12:58 INFO  The following profiles are active: dev
2022-08-03 19:12:58 INFO  TOKEN URL: http://localhost:8080
2022-08-03 19:12:59 INFO  Started SummitBootcampApplication in 0.933 seconds (JVM running for 21.773)
2022-08-03 19:13:31 INFO  Starting SummitBootcampApplication using Java 17.0.3 on lnb036002cps with PID 1106198 (/home/mgalvao/IdeaProjects/projetct-myMusic-toTal/MyMusic/target/classes started by CIANDT\mgalvao in /home/mgalvao/IdeaProjects/projetct-myMusic-toTal/MyMusic)
2022-08-03 19:13:31 INFO  The following profiles are active: dev
2022-08-03 19:13:34 INFO  TOKEN URL: http://localhost:8080
2022-08-03 19:13:35 INFO  Started SummitBootcampApplication in 4.061 seconds (JVM running for 4.582)
2022-08-03 19:14:20 INFO  Starting SummitBootcampApplication using Java 17.0.3 on lnb036002cps with PID 1106198 (/home/mgalvao/IdeaProjects/projetct-myMusic-toTal/MyMusic/target/classes started by CIANDT\mgalvao in /home/mgalvao/IdeaProjects/projetct-myMusic-toTal/MyMusic)
2022-08-03 19:14:20 INFO  The following profiles are active: dev
2022-08-03 19:14:21 ERROR Failed to initialize JPA EntityManagerFactory: Unable to create requested service [org.hibernate.engine.jdbc.env.spi.JdbcEnvironment]
2022-08-03 19:14:22 INFO  Starting SummitBootcampApplication using Java 17.0.3 on lnb036002cps with PID 1106198 (/home/mgalvao/IdeaProjects/projetct-myMusic-toTal/MyMusic/target/classes started by CIANDT\mgalvao in /home/mgalvao/IdeaProjects/projetct-myMusic-toTal/MyMusic)
2022-08-03 19:14:22 INFO  The following profiles are active: dev
2022-08-03 19:14:23 INFO  TOKEN URL: http://localhost:8080
2022-08-03 19:14:23 INFO  Starting PlaylistServiceTest using Java 17.0.3 on lnb036002cps with PID 1107093 (started by CIANDT\mgalvao in /home/mgalvao/IdeaProjects/projetct-myMusic-toTal/MyMusic)
2022-08-03 19:14:23 INFO  The following profiles are active: dev
2022-08-03 19:14:23 INFO  Started SummitBootcampApplication in 0.934 seconds (JVM running for 52.446)
2022-08-03 19:14:25 INFO  TOKEN URL: http://localhost:8080
2022-08-03 19:14:26 INFO  Started PlaylistServiceTest in 3.644 seconds (JVM running for 4.632)
2022-08-03 19:14:26 INFO  Checking if playlist with Id a39926f4-6acb-4497-884f-d4e5296ef652 exists
2022-08-03 19:14:27 INFO  Checking if playlist with Id b54c99b2-1816-47d3-b41c-9f1d070462ab exists
2022-08-03 19:14:27 INFO  Checking if playlist with Id 92d8123f-e9f6-4806-8e0e-1c6a5d46f2ed exists
2022-08-03 19:14:27 INFO  Checking if playlist with Id 92d8123f-e9f6-4806-8e0e-1c6a5d46f2ed exists
2022-08-03 19:14:27 INFO  Checking if music with Id 05dcdf8c-ae9b-4d25-95c5-293e72db52b9 exists
2022-08-03 19:14:27 INFO  Checking if music with Id blabla exists
2022-08-03 19:14:27 ERROR Music with Id blabla not found
2022-08-03 19:14:27 INFO  Checking if playlist with Id INVALIDO exists
2022-08-03 19:14:27 ERROR Playlist with Id INVALIDO not found
2022-08-03 19:14:27 INFO  Checking if playlist with Id 1290 exists
2022-08-03 19:14:27 ERROR Playlist with Id 1290 not found
2022-08-03 19:14:27 INFO  Checking if playlist with Id 92d8123f-e9f6-4806-8e0e-1c6a5d46f2ed exists
2022-08-03 19:14:27 INFO  Checking if playlist with Id 92d8123f-e9f6-4806-8e0e-1c6a5d46f2ed exists
2022-08-03 19:14:27 INFO  Checking if music with Id c96b8f6f-4049-4e6b-8687-82e29c05b735 exists
2022-08-03 19:14:27 INFO  All musics added to playlist
2022-08-03 19:14:27 INFO  Musics saved to playlist
2022-08-03 19:14:27 INFO  Checking if playlist with Id 92d8123f-e9f6-4806-8e0e-1c6a5d46f2ed exists
2022-08-03 19:14:27 INFO  Checking if music with Id 05dcdf8c-ae9b-4d25-95c5-293e72db52b9 exists
2022-08-03 19:14:27 INFO  All musics added to playlist
2022-08-03 19:14:27 INFO  Musics saved to playlist
2022-08-03 19:14:27 INFO  Checking if playlist with Id 92d8123f-e9f6-4806-8e0e-1c6a5d46f2ed exists
2022-08-03 19:14:27 INFO  Checking if playlist with Id blabla exists
2022-08-03 19:14:27 ERROR Playlist with Id blabla not found
2022-08-03 19:14:27 INFO  Checking if music with Id 67f5976c-eb1e-404e-8220-2c2a8a23be47 exists
2022-08-03 19:14:27 INFO  Checking if music with Id 049364ca-973f-4db9-ae41-9c183d6aa22a exists
2022-08-03 19:14:27 INFO  Checking if playlist with Id 92d8123f-e9f6-4806-8e0e-1c6a5d46f2ed exists
2022-08-03 19:14:27 INFO  Checking if music with Id blabla exists
2022-08-03 19:14:27 ERROR Music with Id blabla not found
2022-08-03 19:14:27 INFO  Checking if music with Id INVALIDO exists
2022-08-03 19:14:27 INFO  Checking if music with Id 5555 exists
2022-08-03 19:14:27 INFO  Checking if playlist with Id 92d8123f-e9f6-4806-8e0e-1c6a5d46f2ed exists
2022-08-03 19:14:27 INFO  Checking if playlist with Id 92d8123f-e9f6-4806-8e0e-1c6a5d46f2ed exists
2022-08-03 19:14:27 INFO  Checking if music with Id 05dcdf8c-ae9b-4d25-95c5-293e72db52b9 exists
2022-08-03 19:14:27 INFO  Checking if music with Id c96b8f6f-4049-4e6b-8687-82e29c05b735 exists
2022-08-03 19:14:27 INFO  Checking if music with Id b4817918-4580-48f6-9467-3493f83fb6ea exists
2022-08-03 19:14:27 INFO  Checking if music with Id 793815a9-93b6-4b46-8763-d157df518511 exists
2022-08-03 19:14:27 INFO  All musics added to playlist
2022-08-03 19:14:27 INFO  Musics saved to playlist
2022-08-03 19:14:27 INFO  Checking if filter length is bigger than 2
2022-08-03 19:14:28 INFO  Checking if filter length is bigger than 2
2022-08-03 19:14:28 INFO  Checking if filter length is bigger than 2
2022-08-03 19:14:28 INFO  Checking if filter length is bigger than 2
2022-08-03 19:14:28 INFO  Checking if filter length is bigger than 2
2022-08-03 19:14:28 INFO  Checking if filter length is bigger than 2
2022-08-03 19:14:28 INFO  Checking if filter length is bigger than 2
2022-08-03 19:14:28 INFO  Checking if filter length is bigger than 2
2022-08-03 19:14:28 INFO  Starting MusicServiceCachingTest using Java 17.0.3 on lnb036002cps with PID 1107093 (started by CIANDT\mgalvao in /home/mgalvao/IdeaProjects/projetct-myMusic-toTal/MyMusic)
2022-08-03 19:14:28 INFO  The following profiles are active: dev
2022-08-03 19:14:29 INFO  TOKEN URL: http://localhost:8080
2022-08-03 19:14:29 INFO  Started MusicServiceCachingTest in 1.466 seconds (JVM running for 7.591)
2022-08-03 19:14:29 INFO  Entering music search by filter
2022-08-03 19:14:29 INFO  Checking if filter length is bigger than 2
2022-08-03 19:14:29 INFO  Successful search
2022-08-03 19:14:29 INFO  Entering music search without filter
2022-08-03 19:14:29 INFO  Successful search
2022-08-03 19:14:29 INFO  Entering music search by filter
2022-08-03 19:14:29 INFO  Checking if filter length is bigger than 2
2022-08-03 19:14:29 INFO  Successful search
2022-08-03 19:14:29 INFO  Entering music search by filter
2022-08-03 19:14:29 INFO  Checking if filter length is bigger than 2
2022-08-03 19:14:29 INFO  Successful search
2022-08-03 19:14:29 INFO  Entering music search by filter
2022-08-03 19:14:29 INFO  Checking if filter length is bigger than 2
2022-08-03 19:14:29 INFO  Successful search
2022-08-03 19:14:29 INFO  Entering music search without filter
2022-08-03 19:14:29 INFO  Successful search
